C:\USERS\VAIO\DOCUMENTS\VISUAL STUDIO 2012\PROJECTS\HEAT\HEAT\DEBUG\HEAT.PCH
C:\USERS\VAIO\DOCUMENTS\VISUAL STUDIO 2012\PROJECTS\HEAT\HEAT\DEBUG\STDAFX.OBJ
C:\USERS\VAIO\DOCUMENTS\VISUAL STUDIO 2012\PROJECTS\HEAT\HEAT\DEBUG\VC110.PDB
C:\USERS\VAIO\DOCUMENTS\VISUAL STUDIO 2012\PROJECTS\HEAT\HEAT\DEBUG\HEAT.OBJ
C:\USERS\VAIO\DOCUMENTS\VISUAL STUDIO 2012\PROJECTS\HEAT\HEAT\DEBUG\FEMCODE.OBJ
C:\USERS\VAIO\DOCUMENTS\VISUAL STUDIO 2012\PROJECTS\HEAT\HEAT\DEBUG\FEMOBJECTS.OBJ
C:\USERS\VAIO\DOCUMENTS\VISUAL STUDIO 2012\PROJECTS\HEAT\HEAT\DEBUG\MATRIXINTEGRATION.OBJ
C:\USERS\VAIO\DOCUMENTS\VISUAL STUDIO 2012\PROJECTS\HEAT\DEBUG\HEAT.ILK
C:\USERS\VAIO\DOCUMENTS\VISUAL STUDIO 2012\PROJECTS\HEAT\DEBUG\HEAT.EXE
C:\USERS\VAIO\DOCUMENTS\VISUAL STUDIO 2012\PROJECTS\HEAT\DEBUG\HEAT.PDB
C:\USERS\VAIO\DOCUMENTS\VISUAL STUDIO 2012\PROJECTS\HEAT\HEAT\DEBUG\HEAT.RES
C:\Users\VAIO\Documents\Visual Studio 2012\Projects\Heat\Heat\Debug\FEMCode.obj
C:\Users\VAIO\Documents\Visual Studio 2012\Projects\Heat\Heat\Debug\FEMObjects.obj
C:\Users\VAIO\Documents\Visual Studio 2012\Projects\Heat\Heat\Debug\Heat.obj
C:\Users\VAIO\Documents\Visual Studio 2012\Projects\Heat\Heat\Debug\MatrixIntegration.obj
C:\Users\VAIO\Documents\Visual Studio 2012\Projects\Heat\Heat\Debug\stdafx.obj
C:\Users\VAIO\Documents\Visual Studio 2012\Projects\Heat\Heat\Debug\cl.command.1.tlog
C:\Users\VAIO\Documents\Visual Studio 2012\Projects\Heat\Heat\Debug\CL.read.1.tlog
C:\Users\VAIO\Documents\Visual Studio 2012\Projects\Heat\Heat\Debug\CL.write.1.tlog
C:\Users\VAIO\Documents\Visual Studio 2012\Projects\Heat\Heat\Debug\link-cvtres.read.1.tlog
C:\Users\VAIO\Documents\Visual Studio 2012\Projects\Heat\Heat\Debug\link-cvtres.write.1.tlog
C:\Users\VAIO\Documents\Visual Studio 2012\Projects\Heat\Heat\Debug\link-rc.read.1.tlog
C:\Users\VAIO\Documents\Visual Studio 2012\Projects\Heat\Heat\Debug\link-rc.write.1.tlog
C:\Users\VAIO\Documents\Visual Studio 2012\Projects\Heat\Heat\Debug\link.2420-cvtres.read.1.tlog
C:\Users\VAIO\Documents\Visual Studio 2012\Projects\Heat\Heat\Debug\link.2420-cvtres.write.1.tlog
C:\Users\VAIO\Documents\Visual Studio 2012\Projects\Heat\Heat\Debug\link.2420-rc.read.1.tlog
C:\Users\VAIO\Documents\Visual Studio 2012\Projects\Heat\Heat\Debug\link.2420-rc.write.1.tlog
C:\Users\VAIO\Documents\Visual Studio 2012\Projects\Heat\Heat\Debug\link.2420.read.1.tlog
C:\Users\VAIO\Documents\Visual Studio 2012\Projects\Heat\Heat\Debug\link.2420.write.1.tlog
C:\Users\VAIO\Documents\Visual Studio 2012\Projects\Heat\Heat\Debug\link.3048-cvtres.read.1.tlog
C:\Users\VAIO\Documents\Visual Studio 2012\Projects\Heat\Heat\Debug\link.3048-cvtres.write.1.tlog
C:\Users\VAIO\Documents\Visual Studio 2012\Projects\Heat\Heat\Debug\link.3048-rc.read.1.tlog
C:\Users\VAIO\Documents\Visual Studio 2012\Projects\Heat\Heat\Debug\link.3048-rc.write.1.tlog
C:\Users\VAIO\Documents\Visual Studio 2012\Projects\Heat\Heat\Debug\link.3048.read.1.tlog
C:\Users\VAIO\Documents\Visual Studio 2012\Projects\Heat\Heat\Debug\link.3048.write.1.tlog
C:\Users\VAIO\Documents\Visual Studio 2012\Projects\Heat\Heat\Debug\link.3720-cvtres.read.1.tlog
C:\Users\VAIO\Documents\Visual Studio 2012\Projects\Heat\Heat\Debug\link.3720-cvtres.write.1.tlog
C:\Users\VAIO\Documents\Visual Studio 2012\Projects\Heat\Heat\Debug\link.3720-rc.read.1.tlog
C:\Users\VAIO\Documents\Visual Studio 2012\Projects\Heat\Heat\Debug\link.3720-rc.write.1.tlog
C:\Users\VAIO\Documents\Visual Studio 2012\Projects\Heat\Heat\Debug\link.3720.read.1.tlog
C:\Users\VAIO\Documents\Visual Studio 2012\Projects\Heat\Heat\Debug\link.3720.write.1.tlog
C:\Users\VAIO\Documents\Visual Studio 2012\Projects\Heat\Heat\Debug\link.3872-cvtres.read.1.tlog
C:\Users\VAIO\Documents\Visual Studio 2012\Projects\Heat\Heat\Debug\link.3872-cvtres.write.1.tlog
C:\Users\VAIO\Documents\Visual Studio 2012\Projects\Heat\Heat\Debug\link.3872-rc.read.1.tlog
C:\Users\VAIO\Documents\Visual Studio 2012\Projects\Heat\Heat\Debug\link.3872-rc.write.1.tlog
C:\Users\VAIO\Documents\Visual Studio 2012\Projects\Heat\Heat\Debug\link.3872.read.1.tlog
C:\Users\VAIO\Documents\Visual Studio 2012\Projects\Heat\Heat\Debug\link.3872.write.1.tlog
C:\Users\VAIO\Documents\Visual Studio 2012\Projects\Heat\Heat\Debug\link.4728-cvtres.read.1.tlog
C:\Users\VAIO\Documents\Visual Studio 2012\Projects\Heat\Heat\Debug\link.4728-cvtres.write.1.tlog
C:\Users\VAIO\Documents\Visual Studio 2012\Projects\Heat\Heat\Debug\link.4728-rc.read.1.tlog
C:\Users\VAIO\Documents\Visual Studio 2012\Projects\Heat\Heat\Debug\link.4728-rc.write.1.tlog
C:\Users\VAIO\Documents\Visual Studio 2012\Projects\Heat\Heat\Debug\link.4728.read.1.tlog
C:\Users\VAIO\Documents\Visual Studio 2012\Projects\Heat\Heat\Debug\link.4728.write.1.tlog
C:\Users\VAIO\Documents\Visual Studio 2012\Projects\Heat\Heat\Debug\link.5704-cvtres.read.1.tlog
C:\Users\VAIO\Documents\Visual Studio 2012\Projects\Heat\Heat\Debug\link.5704-cvtres.write.1.tlog
C:\Users\VAIO\Documents\Visual Studio 2012\Projects\Heat\Heat\Debug\link.5704-rc.read.1.tlog
C:\Users\VAIO\Documents\Visual Studio 2012\Projects\Heat\Heat\Debug\link.5704-rc.write.1.tlog
C:\Users\VAIO\Documents\Visual Studio 2012\Projects\Heat\Heat\Debug\link.5704.read.1.tlog
C:\Users\VAIO\Documents\Visual Studio 2012\Projects\Heat\Heat\Debug\link.5704.write.1.tlog
C:\Users\VAIO\Documents\Visual Studio 2012\Projects\Heat\Heat\Debug\link.6476-cvtres.read.1.tlog
C:\Users\VAIO\Documents\Visual Studio 2012\Projects\Heat\Heat\Debug\link.6476-cvtres.write.1.tlog
C:\Users\VAIO\Documents\Visual Studio 2012\Projects\Heat\Heat\Debug\link.6476-rc.read.1.tlog
C:\Users\VAIO\Documents\Visual Studio 2012\Projects\Heat\Heat\Debug\link.6476-rc.write.1.tlog
C:\Users\VAIO\Documents\Visual Studio 2012\Projects\Heat\Heat\Debug\link.6476.read.1.tlog
C:\Users\VAIO\Documents\Visual Studio 2012\Projects\Heat\Heat\Debug\link.6476.write.1.tlog
C:\Users\VAIO\Documents\Visual Studio 2012\Projects\Heat\Heat\Debug\link.8612-cvtres.read.1.tlog
C:\Users\VAIO\Documents\Visual Studio 2012\Projects\Heat\Heat\Debug\link.8612-cvtres.write.1.tlog
C:\Users\VAIO\Documents\Visual Studio 2012\Projects\Heat\Heat\Debug\link.8612-rc.read.1.tlog
C:\Users\VAIO\Documents\Visual Studio 2012\Projects\Heat\Heat\Debug\link.8612-rc.write.1.tlog
C:\Users\VAIO\Documents\Visual Studio 2012\Projects\Heat\Heat\Debug\link.8612.read.1.tlog
C:\Users\VAIO\Documents\Visual Studio 2012\Projects\Heat\Heat\Debug\link.8612.write.1.tlog
C:\Users\VAIO\Documents\Visual Studio 2012\Projects\Heat\Heat\Debug\link.command.1.tlog
C:\Users\VAIO\Documents\Visual Studio 2012\Projects\Heat\Heat\Debug\link.read.1.tlog
C:\Users\VAIO\Documents\Visual Studio 2012\Projects\Heat\Heat\Debug\link.write.1.tlog
C:\Users\VAIO\Documents\Visual Studio 2012\Projects\Heat\Heat\Debug\rc.command.1.tlog
C:\Users\VAIO\Documents\Visual Studio 2012\Projects\Heat\Heat\Debug\rc.read.1.tlog
C:\Users\VAIO\Documents\Visual Studio 2012\Projects\Heat\Heat\Debug\rc.write.1.tlog
C:\Users\VAIO\Documents\Visual Studio 2012\Projects\Heat\Heat\Debug\Heat.res
C:\Users\VAIO\Documents\Visual Studio 2012\Projects\Heat\Heat\Debug\Heat.pch
C:\Users\VAIO\Documents\Visual Studio 2012\Projects\Heat\Heat\Debug\vc110.idb
C:\Users\VAIO\Documents\Visual Studio 2012\Projects\Heat\Heat\Debug\vc110.pdb
C:\Users\VAIO\Documents\Visual Studio 2012\Projects\Heat\Debug\Heat.pdb
C:\Users\VAIO\Documents\Visual Studio 2012\Projects\Heat\Debug\Heat.exe
C:\Users\VAIO\Documents\Visual Studio 2012\Projects\Heat\Debug\Heat.ilk
